 Monthly Averaged GW/SW Rates for apex
 
 month:           1 year:        2002
  0.0000000E+00
  0.0000000E+00
  0.0000000E+00
  0.0000000E+00
  0.0000000E+00
  0.0000000E+00
  0.0000000E+00
  0.0000000E+00
  0.0000000E+00
  0.0000000E+00
  0.0000000E+00
  0.0000000E+00
  0.0000000E+00
  0.0000000E+00
  0.0000000E+00
  0.0000000E+00
  0.0000000E+00
  0.0000000E+00
  0.0000000E+00
  0.0000000E+00
  0.0000000E+00
  0.0000000E+00
  0.0000000E+00
  0.0000000E+00
  0.0000000E+00
  0.0000000E+00
  0.0000000E+00
  0.0000000E+00
  0.0000000E+00
  0.0000000E+00
  0.0000000E+00
  0.0000000E+00
  0.0000000E+00
  0.0000000E+00
  0.0000000E+00
  0.0000000E+00
  0.0000000E+00
  0.0000000E+00
  0.0000000E+00
  0.0000000E+00
  0.0000000E+00
  0.0000000E+00
  0.0000000E+00
   61.42664    
  -102.7539    
  0.0000000E+00
  0.0000000E+00
  0.0000000E+00
  -624.6347    
  0.0000000E+00
  0.0000000E+00
  -8920.205    
  -1381.847    
  -165.8771    
  -2118.742    
  -10348.45    
  -1652.317    
  -2681.341    
  -1140.822    
  0.0000000E+00
  0.0000000E+00
  -1031.976    
  -1622.058    
  -9684.027    
  -1009.568    
  -650.9632    
  -12076.53    
  -3254.274    
  -898.0441    
  -1053.922    
  -8526.026    
  -3244.912    
  -369.3651    
  -8150.436    
  -17407.24    
 
